{"uid":"aba7b5fdc6e19a3a","name":"Тест надписей пустой корзины и не пустой","fullName":"tests.test_product_page#test_guest_cant_see_product_in_basket_opened_from_product_page","historyId":"fa627863f4bef6a5352195ab8c6b6fed","time":{"start":1742892202053,"stop":1742892223073,"duration":21020},"description":"Сначала мы заходим переходим со страницы продукта в корзиу, проверем что она пустая, потом возвращаемся к продукту, кладём его в корзину, переходим в корзину и проверяем что корзина не пустая и в нем есть элемент товара.","descriptionHtml":"<p>Сначала мы заходим переходим со страницы продукта в корзиу, проверем что она пустая, потом возвращаемся к продукту, кладём его в корзину, переходим в корзину и проверяем что корзина не пустая и в нем есть элемент товара.</p>\n","status":"broken","statusMessage":"selenium.common.exceptions.NoSuchElementException: Message: no such element: Unable to locate element: {\"method\":\"css selector\",\"selector\":\"button.btn-add-to-basket\"}\n  (Session info: chrome=134.0.6998.88); For documentation on this error, please visit: https://www.selenium.dev/documentation/webdriver/troubleshooting/errors#no-such-element-exception\nStacktrace:\n#0 0x564249764ffa <unknown>\n#1 0x564249223970 <unknown>\n#2 0x564249275385 <unknown>\n#3 0x5642492755b1 <unknown>\n#4 0x5642492c43c4 <unknown>\n#5 0x56424929b2bd <unknown>\n#6 0x5642492c170c <unknown>\n#7 0x56424929b063 <unknown>\n#8 0x564249267328 <unknown>\n#9 0x564249268491 <unknown>\n#10 0x56424972c42b <unknown>\n#11 0x5642497302ec <unknown>\n#12 0x564249713a22 <unknown>\n#13 0x564249730e64 <unknown>\n#14 0x5642496f7bef <unknown>\n#15 0x564249753558 <unknown>\n#16 0x564249753736 <unknown>\n#17 0x564249763e76 <unknown>\n#18 0x7f57c409caa4 <unknown>\n#19 0x7f57c4129c3c <unknown>","statusTrace":"E   selenium.common.exceptions.NoSuchElementException: Message: no such element: Unable to locate element: {\"method\":\"css selector\",\"selector\":\"button.btn-add-to-basket\"}\n      (Session info: chrome=134.0.6998.88); For documentation on this error, please visit: https://www.selenium.dev/documentation/webdriver/troubleshooting/errors#no-such-element-exception\n    Stacktrace:\n    #0 0x564249764ffa <unknown>\n    #1 0x564249223970 <unknown>\n    #2 0x564249275385 <unknown>\n    #3 0x5642492755b1 <unknown>\n    #4 0x5642492c43c4 <unknown>\n    #5 0x56424929b2bd <unknown>\n    #6 0x5642492c170c <unknown>\n    #7 0x56424929b063 <unknown>\n    #8 0x564249267328 <unknown>\n    #9 0x564249268491 <unknown>\n    #10 0x56424972c42b <unknown>\n    #11 0x5642497302ec <unknown>\n    #12 0x564249713a22 <unknown>\n    #13 0x564249730e64 <unknown>\n    #14 0x5642496f7bef <unknown>\n    #15 0x564249753558 <unknown>\n    #16 0x564249753736 <unknown>\n    #17 0x564249763e76 <unknown>\n    #18 0x7f57c409caa4 <unknown>\n    #19 0x7f57c4129c3c <unknown>","flaky":false,"newFailed":false,"newBroken":true,"newPassed":false,"retriesCount":0,"retriesStatusChange":false,"beforeStages":[{"name":"_session_faker","time":{"start":1742892135215,"stop":1742892135277,"duration":62},"status":"passed","steps":[],"attachments":[],"parameters":[],"shouldDisplayMessage":false,"stepsCount":0,"attachmentsCount":0,"hasContent":false,"attachmentStep":false},{"name":"browser","time":{"start":1742892201613,"stop":1742892202052,"duration":439},"status":"passed","steps":[],"attachments":[],"parameters":[],"shouldDisplayMessage":false,"stepsCount":0,"attachmentsCount":0,"hasContent":false,"attachmentStep":false}],"testStage":{"description":"Сначала мы заходим переходим со страницы продукта в корзиу, проверем что она пустая, потом возвращаемся к продукту, кладём его в корзину, переходим в корзину и проверяем что корзина не пустая и в нем есть элемент товара.","status":"broken","statusMessage":"selenium.common.exceptions.NoSuchElementException: Message: no such element: Unable to locate element: {\"method\":\"css selector\",\"selector\":\"button.btn-add-to-basket\"}\n  (Session info: chrome=134.0.6998.88); For documentation on this error, please visit: https://www.selenium.dev/documentation/webdriver/troubleshooting/errors#no-such-element-exception\nStacktrace:\n#0 0x564249764ffa <unknown>\n#1 0x564249223970 <unknown>\n#2 0x564249275385 <unknown>\n#3 0x5642492755b1 <unknown>\n#4 0x5642492c43c4 <unknown>\n#5 0x56424929b2bd <unknown>\n#6 0x5642492c170c <unknown>\n#7 0x56424929b063 <unknown>\n#8 0x564249267328 <unknown>\n#9 0x564249268491 <unknown>\n#10 0x56424972c42b <unknown>\n#11 0x5642497302ec <unknown>\n#12 0x564249713a22 <unknown>\n#13 0x564249730e64 <unknown>\n#14 0x5642496f7bef <unknown>\n#15 0x564249753558 <unknown>\n#16 0x564249753736 <unknown>\n#17 0x564249763e76 <unknown>\n#18 0x7f57c409caa4 <unknown>\n#19 0x7f57c4129c3c <unknown>","statusTrace":"E   selenium.common.exceptions.NoSuchElementException: Message: no such element: Unable to locate element: {\"method\":\"css selector\",\"selector\":\"button.btn-add-to-basket\"}\n      (Session info: chrome=134.0.6998.88); For documentation on this error, please visit: https://www.selenium.dev/documentation/webdriver/troubleshooting/errors#no-such-element-exception\n    Stacktrace:\n    #0 0x564249764ffa <unknown>\n    #1 0x564249223970 <unknown>\n    #2 0x564249275385 <unknown>\n    #3 0x5642492755b1 <unknown>\n    #4 0x5642492c43c4 <unknown>\n    #5 0x56424929b2bd <unknown>\n    #6 0x5642492c170c <unknown>\n    #7 0x56424929b063 <unknown>\n    #8 0x564249267328 <unknown>\n    #9 0x564249268491 <unknown>\n    #10 0x56424972c42b <unknown>\n    #11 0x5642497302ec <unknown>\n    #12 0x564249713a22 <unknown>\n    #13 0x564249730e64 <unknown>\n    #14 0x5642496f7bef <unknown>\n    #15 0x564249753558 <unknown>\n    #16 0x564249753736 <unknown>\n    #17 0x564249763e76 <unknown>\n    #18 0x7f57c409caa4 <unknown>\n    #19 0x7f57c4129c3c <unknown>","steps":[{"name":"Открываем страницу товара","time":{"start":1742892202053,"stop":1742892202372,"duration":319},"status":"passed","steps":[],"attachments":[],"parameters":[],"shouldDisplayMessage":false,"stepsCount":0,"attachmentsCount":0,"hasContent":false,"attachmentStep":false},{"name":"Переходим на страницу корзины","time":{"start":1742892202372,"stop":1742892202851,"duration":479},"status":"passed","steps":[],"attachments":[],"parameters":[],"shouldDisplayMessage":false,"stepsCount":0,"attachmentsCount":0,"hasContent":false,"attachmentStep":false},{"name":"Проверяем отсутствие товаров в корзине и присутствие надписи \"Корзина пуста\"","time":{"start":1742892202851,"stop":1742892212898,"duration":10047},"status":"passed","steps":[],"attachments":[],"parameters":[],"shouldDisplayMessage":false,"stepsCount":0,"attachmentsCount":0,"hasContent":false,"attachmentStep":false},{"name":"Переходим на страницу товара","time":{"start":1742892212898,"stop":1742892213019,"duration":121},"status":"passed","steps":[],"attachments":[],"parameters":[],"shouldDisplayMessage":false,"stepsCount":0,"attachmentsCount":0,"hasContent":false,"attachmentStep":false},{"name":"Добавляем товар в корзину","time":{"start":1742892213019,"stop":1742892223072,"duration":10053},"status":"broken","statusMessage":"selenium.common.exceptions.NoSuchElementException: Message: no such element: Unable to locate element: {\"method\":\"css selector\",\"selector\":\"button.btn-add-to-basket\"}\n  (Session info: chrome=134.0.6998.88); For documentation on this error, please visit: https://www.selenium.dev/documentation/webdriver/troubleshooting/errors#no-such-element-exception\nStacktrace:\n#0 0x564249764ffa <unknown>\n#1 0x564249223970 <unknown>\n#2 0x564249275385 <unknown>\n#3 0x5642492755b1 <unknown>\n#4 0x5642492c43c4 <unknown>\n#5 0x56424929b2bd <unknown>\n#6 0x5642492c170c <unknown>\n#7 0x56424929b063 <unknown>\n#8 0x564249267328 <unknown>\n#9 0x564249268491 <unknown>\n#10 0x56424972c42b <unknown>\n#11 0x5642497302ec <unknown>\n#12 0x564249713a22 <unknown>\n#13 0x564249730e64 <unknown>\n#14 0x5642496f7bef <unknown>\n#15 0x564249753558 <unknown>\n#16 0x564249753736 <unknown>\n#17 0x564249763e76 <unknown>\n#18 0x7f57c409caa4 <unknown>\n#19 0x7f57c4129c3c <unknown>\n\n","statusTrace":"  File \"/home/runner/work/project_selenium_course/project_selenium_course/tests/test_product_page.py\", line 174, in test_guest_cant_see_product_in_basket_opened_from_product_page\n    product_page.add_to_basket()\n  File \"/home/runner/work/project_selenium_course/project_selenium_course/pages/product_page.py\", line 8, in add_to_basket\n    button_add_to_basket = self.browser.find_element(*ProductPageLocators.BUTTON_ADD_TO_BASKET)\n  File \"/opt/hostedtoolcache/Python/3.10.16/x64/lib/python3.10/site-packages/selenium/webdriver/remote/webdriver.py\", line 888, in find_element\n    return self.execute(Command.FIND_ELEMENT, {\"using\": by, \"value\": value})[\"value\"]\n  File \"/opt/hostedtoolcache/Python/3.10.16/x64/lib/python3.10/site-packages/selenium/webdriver/remote/webdriver.py\", line 429, in execute\n    self.error_handler.check_response(response)\n  File \"/opt/hostedtoolcache/Python/3.10.16/x64/lib/python3.10/site-packages/selenium/webdriver/remote/errorhandler.py\", line 232, in check_response\n    raise exception_class(message, screen, stacktrace)\n","steps":[],"attachments":[],"parameters":[],"shouldDisplayMessage":true,"stepsCount":0,"attachmentsCount":0,"hasContent":true,"attachmentStep":false}],"attachments":[{"uid":"f4b47809223fa26b","name":"stdout","source":"f4b47809223fa26b.txt","type":"text/plain","size":89}],"parameters":[],"shouldDisplayMessage":true,"stepsCount":5,"attachmentsCount":1,"hasContent":true,"attachmentStep":false},"afterStages":[{"name":"browser::0","time":{"start":1742892223075,"stop":1742892223139,"duration":64},"status":"passed","steps":[],"attachments":[],"parameters":[],"shouldDisplayMessage":false,"stepsCount":0,"attachmentsCount":0,"hasContent":false,"attachmentStep":false}],"labels":[{"name":"story","value":"Basket Feature"},{"name":"feature","value":"Basket"},{"name":"severity","value":"normal"},{"name":"tag","value":"need_review"},{"name":"parentSuite","value":"tests"},{"name":"suite","value":"test_product_page"},{"name":"host","value":"fv-az1670-423"},{"name":"thread","value":"2410-MainThread"},{"name":"framework","value":"pytest"},{"name":"language","value":"cpython3"},{"name":"package","value":"tests.test_product_page"},{"name":"resultFormat","value":"allure2"}],"parameters":[],"links":[],"hidden":false,"retry":false,"extra":{"severity":"normal","retries":[],"categories":[{"name":"Test defects","matchedStatuses":[],"flaky":false}],"history":{"statistic":{"failed":0,"broken":1,"skipped":0,"passed":1,"unknown":0,"total":2},"items":[{"uid":"503c263372727ca5","reportUrl":"https://Lexun2.github.io/project_selenium_course/16//#testresult/503c263372727ca5","status":"passed","time":{"start":1742891886405,"stop":1742891909995,"duration":23590}}]},"tags":["need_review"]},"source":"aba7b5fdc6e19a3a.json","parameterValues":[]}